select `confessions`.* from `confessions` order by `id` desc limit '10' : 1ms
select `confession_replies`.* from `confession_replies` where `confession_replies`.`confession_id` in ('29', '28', '27', '26', '24', '23', '22', '21', '20', '19') : 1ms
select count(*) as `count` from (select `confessions`.* from `confessions`) as `temp` : 1ms
select `confessions`.* from `confessions` order by `id` desc limit '10' : 1ms
select `confession_replies`.* from `confession_replies` where `confession_replies`.`confession_id` in ('29', '28', '27', '26', '24', '23', '22', '21', '20', '19') : 1ms
select count(*) as `count` from (select `confessions`.* from `confessions`) as `temp` : 1ms
select `confessions`.* from `confessions` order by `id` desc limit '10' : 1ms
select `confession_replies`.* from `confession_replies` where `confession_replies`.`confession_id` in ('29', '28', '27', '26', '24', '23', '22', '21', '20', '19') : 1ms
select count(*) as `count` from (select `confessions`.* from `confessions`) as `temp` : 1ms
select `confessions`.* from `confessions` order by `id` desc limit '10' : 1ms
select `confession_replies`.* from `confession_replies` where `confession_replies`.`confession_id` in ('29', '28', '27', '26', '24', '23', '22', '21', '20', '19') : 1ms
select count(*) as `count` from (select `confessions`.* from `confessions`) as `temp` : 0ms
select `confessions`.* from `confessions` order by `id` desc limit '10' : 1ms
select `confession_replies`.* from `confession_replies` where `confession_replies`.`confession_id` in ('29', '28', '27', '26', '24', '23', '22', '21', '20', '19') : 1ms
select count(*) as `count` from (select `confessions`.* from `confessions`) as `temp` : 1ms
select `confessions`.* from `confessions` order by `id` desc limit '10' : 1ms
select `confession_replies`.* from `confession_replies` where `confession_replies`.`confession_id` in ('29', '28', '27', '26', '24', '23', '22', '21', '20', '19') : 1ms
select count(*) as `count` from (select `confessions`.* from `confessions`) as `temp` : 0ms
select `confessions`.* from `confessions` order by `id` desc limit '10' : 1ms
select `confession_replies`.* from `confession_replies` where `confession_replies`.`confession_id` in ('29', '28', '27', '26', '24', '23', '22', '21', '20', '19') : 1ms
select count(*) as `count` from (select `confessions`.* from `confessions`) as `temp` : 1ms
select `confessions`.* from `confessions` order by `id` desc limit '10' offset '10' : 2ms
select `confession_replies`.* from `confession_replies` where `confession_replies`.`confession_id` in ('18', '17', '16', '15', '14', '13', '12', '11', '10', '9') : 1ms
select count(*) as `count` from (select `confessions`.* from `confessions`) as `temp` : 1ms
select `confessions`.* from `confessions` order by `id` desc limit '10' offset '20' : 1ms
select `confession_replies`.* from `confession_replies` where `confession_replies`.`confession_id` in ('8', '7', '6', '5', '4', '3', '2', '1') : 2ms
select count(*) as `count` from (select `confessions`.* from `confessions`) as `temp` : 1ms
select `confessions`.* from `confessions` order by `id` desc limit '10' offset '30' : 1ms
select count(*) as `count` from (select `confessions`.* from `confessions`) as `temp` : 1ms
select `confession_replies`.* from `confession_replies` where `confession_replies`.`confession_id` in ('23') : 5ms
select `confession_replies`.* from `confession_replies` where `confession_replies`.`confession_id` in ('23') : 4ms
select `confession_replies`.* from `confession_replies` where `confession_replies`.`confession_id` in ('23') : 5ms
select `confession_replies`.* from `confession_replies` where `confession_replies`.`confession_id` in ('23') : 1ms
select `confession_replies`.* from `confession_replies` where `confession_replies`.`confession_id` in ('23') : 1ms
select `confession_replies`.* from `confession_replies` where `confession_replies`.`confession_id` in ('23') : 1ms
select `confession_replies`.* from `confession_replies` where `confession_replies`.`confession_id` in ('23') : 1ms
select `confession_replies`.* from `confession_replies` where `confession_replies`.`confession_id` in ('23') : 1ms
select `confession_replies`.* from `confession_replies` where `confession_replies`.`confession_id` in ('23') : 1ms
select `confession_replies`.* from `confession_replies` where `confession_replies`.`confession_id` in ('23') : 1ms
select `confession_replies`.* from `confession_replies` where `confession_replies`.`confession_id` in ('23') : 0ms
select `confession_replies`.* from `confession_replies` where `confession_replies`.`confession_id` in ('23') : 0ms
select `confession_replies`.* from `confession_replies` where `confession_replies`.`confession_id` in ('23') : 1ms
select `confession_replies`.* from `confession_replies` where `confession_replies`.`confession_id` in ('23') : 1ms
insert into `confession_replies` (`confession_id`, `reply`) values ('23', 'asdffdsa') : 71ms
insert into `confession_replies` (`confession_id`, `reply`) values ('23', 'the courage to change') : 6ms
insert into `confession_replies` (`confession_id`, `reply`) values ('23', 'the courage to change') : 2ms
insert into `confession_replies` (`confession_id`, `reply`) values ('23', 'the courage to change') : 7ms
insert into `confession_replies` (`confession_id`, `reply`) values ('23', 'the courage to change') : 2ms
insert into `confession_replies` (`confession_id`, `reply`) values ('23', 'the courage to change') : 8ms
insert into `confession_replies` (`confession_id`, `reply`) values ('23', 'the courage to change') : 2ms
insert into `confession_replies` (`confession_id`, `reply`) values ('23', 'the courage to change') : 13ms
insert into `confession_replies` (`confession_id`, `reply`) values ('23', 'the courage to change') : 7ms
insert into `confession_replies` (`confession_id`, `reply`) values ('23', 'the courage to change') : 2ms
insert into `confession_replies` (`confession_id`, `reply`) values ('23', 'the courage to change') : 12ms
insert into `confession_replies` (`confession_id`, `reply`) values ('23', 'the courage to change') : 9ms
insert into `confession_replies` (`confession_id`, `reply`) values ('23', 'the courage to change') : 1ms
insert into `confession_replies` (`confession_id`, `reply`) values ('23', 'the courage to change') : 9ms
insert into `confession_replies` (`confession_id`, `reply`) values ('23', 'the courage to change') : 2ms
insert into `confession_replies` (`confession_id`, `reply`) values ('23', 'the courage to change') : 7ms
insert into `confession_replies` (`confession_id`, `reply`) values ('23', 'the courage to change') : 3ms
insert into `confession_replies` (`confession_id`, `reply`) values ('23', 'the courage to change') : 7ms
insert into `confession_replies` (`confession_id`, `reply`) values ('23', 'the courage to change') : 9ms
select `confessions`.* from `confessions` order by `id` desc limit '10' : 4ms
select `confession_replies`.* from `confession_replies` where `confession_replies`.`confession_id` in ('29', '28', '27', '26', '24', '23', '22', '21', '20', '19') : 2ms
select count(*) as `count` from (select `confessions`.* from `confessions`) as `temp` : 1ms
select `confessions`.* from `confessions` order by `id` desc limit '10' : 1ms
select `confession_replies`.* from `confession_replies` where `confession_replies`.`confession_id` in ('29', '28', '27', '26', '24', '23', '22', '21', '20', '19') : 1ms
select count(*) as `count` from (select `confessions`.* from `confessions`) as `temp` : 1ms
select `confessions`.* from `confessions` order by `id` desc limit '10' : 1ms
select `confession_replies`.* from `confession_replies` where `confession_replies`.`confession_id` in ('29', '28', '27', '26', '24', '23', '22', '21', '20', '19') : 1ms
select count(*) as `count` from (select `confessions`.* from `confessions`) as `temp` : 1ms
select `confessions`.* from `confessions` order by `id` desc limit '10' offset '10' : 1ms
select `confession_replies`.* from `confession_replies` where `confession_replies`.`confession_id` in ('18', '17', '16', '15', '14', '13', '12', '11', '10', '9') : 1ms
select count(*) as `count` from (select `confessions`.* from `confessions`) as `temp` : 1ms
select `confessions`.* from `confessions` order by `id` desc limit '10' : 1ms
select `confession_replies`.* from `confession_replies` where `confession_replies`.`confession_id` in ('29', '28', '27', '26', '24', '23', '22', '21', '20', '19') : 3ms
select count(*) as `count` from (select `confessions`.* from `confessions`) as `temp` : 3ms
select `confessions`.* from `confessions` order by `id` desc limit '10' : 1ms
select `confession_replies`.* from `confession_replies` where `confession_replies`.`confession_id` in ('29', '28', '27', '26', '24', '23', '22', '21', '20', '19') : 1ms
select count(*) as `count` from (select `confessions`.* from `confessions`) as `temp` : 0ms
select `confessions`.* from `confessions` order by `id` desc limit '10' : 2ms
select `confession_replies`.* from `confession_replies` where `confession_replies`.`confession_id` in ('29', '28', '27', '26', '24', '23', '22', '21', '20', '19') : 1ms
select count(*) as `count` from (select `confessions`.* from `confessions`) as `temp` : 1ms
select `confessions`.* from `confessions` order by `id` desc limit '10' : 1ms
select `confession_replies`.* from `confession_replies` where `confession_replies`.`confession_id` in ('29', '28', '27', '26', '24', '23', '22', '21', '20', '19') : 1ms
select count(*) as `count` from (select `confessions`.* from `confessions`) as `temp` : 1ms
select `confessions`.* from `confessions` order by `id` desc limit '10' : 2ms
select `confession_replies`.* from `confession_replies` where `confession_replies`.`confession_id` in ('29', '28', '27', '26', '24', '23', '22', '21', '20', '19') : 2ms
select count(*) as `count` from (select `confessions`.* from `confessions`) as `temp` : 3ms
select `confessions`.* from `confessions` order by `id` desc limit '10' : 2ms
select `confession_replies`.* from `confession_replies` where `confession_replies`.`confession_id` in ('29', '28', '27', '26', '24', '23', '22', '21', '20', '19') : 5ms
select count(*) as `count` from (select `confessions`.* from `confessions`) as `temp` : 1ms
insert into `confession_replies` (`confession_id`, `reply`) values ('23', 'something') : 37ms
select `confessions`.* from `confessions` order by `id` desc limit '10' : 1ms
select `confession_replies`.* from `confession_replies` where `confession_replies`.`confession_id` in ('29', '28', '27', '26', '24', '23', '22', '21', '20', '19') : 1ms
select count(*) as `count` from (select `confessions`.* from `confessions`) as `temp` : 1ms
select `confessions`.* from `confessions` order by `id` desc limit '10' : 5ms
select `confession_replies`.* from `confession_replies` where `confession_replies`.`confession_id` in ('29', '28', '27', '26', '24', '23', '22', '21', '20', '19') : 2ms
select count(*) as `count` from (select `confessions`.* from `confessions`) as `temp` : 1ms
insert into `confession_replies` (`confession_id`, `reply`) values ('29', 'sjdklasjdk') : 4ms
select `confessions`.* from `confessions` order by `id` desc limit '10' : 2ms
select `confession_replies`.* from `confession_replies` where `confession_replies`.`confession_id` in ('29', '28', '27', '26', '24', '23', '22', '21', '20', '19') : 1ms
select count(*) as `count` from (select `confessions`.* from `confessions`) as `temp` : 0ms
select `confessions`.* from `confessions` order by `id` desc limit '10' : 2ms
select `confession_replies`.* from `confession_replies` where `confession_replies`.`confession_id` in ('29', '28', '27', '26', '24', '23', '22', '21', '20', '19') : 3ms
select count(*) as `count` from (select `confessions`.* from `confessions`) as `temp` : 1ms
select `confessions`.* from `confessions` order by `id` desc limit '10' : 2ms
select `confession_replies`.* from `confession_replies` where `confession_replies`.`confession_id` in ('29', '28', '27', '26', '24', '23', '22', '21', '20', '19') : 1ms
select count(*) as `count` from (select `confessions`.* from `confessions`) as `temp` : 1ms
insert into `confession_replies` (`confession_id`, `reply`) values ('29', 'sjdkalsjdlk') : 2ms
select `confessions`.* from `confessions` order by `id` desc limit '10' : 2ms
select `confession_replies`.* from `confession_replies` where `confession_replies`.`confession_id` in ('29', '28', '27', '26', '24', '23', '22', '21', '20', '19') : 4ms
select count(*) as `count` from (select `confessions`.* from `confessions`) as `temp` : 1ms
select `confessions`.* from `confessions` order by `id` desc limit '10' : 1ms
select `confession_replies`.* from `confession_replies` where `confession_replies`.`confession_id` in ('29', '28', '27', '26', '24', '23', '22', '21', '20', '19') : 1ms
select count(*) as `count` from (select `confessions`.* from `confessions`) as `temp` : 1ms
insert into `confession_replies` (`confession_id`, `reply`) values ('29', 'sdasd') : 4ms
insert into `confession_replies` (`confession_id`, `reply`) values ('29', 'sdasd somaosdjaslkdj') : 2ms
select `confessions`.* from `confessions` order by `id` desc limit '10' : 1ms
select `confession_replies`.* from `confession_replies` where `confession_replies`.`confession_id` in ('29', '28', '27', '26', '24', '23', '22', '21', '20', '19') : 1ms
select count(*) as `count` from (select `confessions`.* from `confessions`) as `temp` : 1ms
insert into `confession_replies` (`confession_id`, `reply`) values ('29', 'something') : 3ms
select `confessions`.* from `confessions` order by `id` desc limit '10' : 2ms
select `confession_replies`.* from `confession_replies` where `confession_replies`.`confession_id` in ('29', '28', '27', '26', '24', '23', '22', '21', '20', '19') : 1ms
select count(*) as `count` from (select `confessions`.* from `confessions`) as `temp` : 1ms
insert into `confession_replies` (`confession_id`, `reply`) values ('29', 'stuck in the weeeeds') : 2ms
insert into `confession_replies` (`confession_id`, `reply`) values ('29', 'have I the courage to change.

asjdasjdkl') : 28ms
select `confessions`.* from `confessions` order by `id` desc limit '10' : 1ms
select `confession_replies`.* from `confession_replies` where `confession_replies`.`confession_id` in ('29', '28', '27', '26', '24', '23', '22', '21', '20', '19') : 3ms
select count(*) as `count` from (select `confessions`.* from `confessions`) as `temp` : 1ms
